<?xml version="1.0" encoding="UTF-8"?>
<testsuite xmlns:xsi="http://www.w3.org/2001/XMLSchema-instance" xsi:noNamespaceSchemaLocation="https://maven.apache.org/surefire/maven-surefire-plugin/xsd/surefire-test-report.xsd" version="3.0.2" name="TestSuite" time="15.685" tests="4" errors="0" skipped="0" failures="0">
  <properties>
[...]
</properties>
  <testcase name="testPostUser" classname="api.test.UserTest" time="5.311">
    <system-out><![CDATA[2024-08-03 16:05:08 INFO  UserTest:45 - ************ Creating User **************
HTTP/1.1 200 OK
Date: Sat, 03 Aug 2024 10:35:13 GMT
Content-Type: application/json
Transfer-Encoding: chunked
Connection: keep-alive
Access-Control-Allow-Origin: *
Access-Control-Allow-Methods: GET, POST, DELETE, PUT
Access-Control-Allow-Headers: Content-Type, api_key, Authorization
Server: Jetty(9.2.9.v20150224)

{
    "code": 200,
    "type": "unknown",
    "message": "970419381"
}
2024-08-03 16:05:13 INFO  UserTest:49 - ************ User Created **************
]]></system-out>
    <system-err><![CDATA[SLF4J: Failed to load class "org.slf4j.impl.StaticLoggerBinder".
SLF4J: Defaulting to no-operation (NOP) logger implementation
SLF4J: See http://www.slf4j.org/codes.html#StaticLoggerBinder for further details.
]]></system-err>
  </testcase>
  <testcase name="testUpdateUser" classname="api.test.UserTest" time="2.484">
    <system-out><![CDATA[2024-08-03 16:05:13 INFO  UserTest:65 - ************ User is Updating **************
{
    "code": 200,
    "type": "unknown",
    "message": "970419381"
}
2024-08-03 16:05:14 INFO  UserTest:74 - ************ User is Updated **************
]]></system-out>
  </testcase>
  <testcase name="testGetUSerByName" classname="api.test.UserTest" time="2.243">
    <system-out><![CDATA[2024-08-03 16:05:15 INFO  UserTest:56 - ************ User Info Reading **************
HTTP/1.1 200 OK
Date: Sat, 03 Aug 2024 10:35:18 GMT
Content-Type: application/json
Transfer-Encoding: chunked
Connection: keep-alive
Access-Control-Allow-Origin: *
Access-Control-Allow-Methods: GET, POST, DELETE, PUT
Access-Control-Allow-Headers: Content-Type, api_key, Authorization
Server: Jetty(9.2.9.v20150224)

{
    "id": 970419381,
    "username": "eda.adams",
    "firstName": "Sherryl",
    "lastName": "Jerde",
    "email": "dorian.ondricka@example.com",
    "password": "vk1nq",
    "phone": "1-038-448-1107",
    "userStatus": 0
}
2024-08-03 16:05:18 INFO  UserTest:60 - ************ User Info is Displayed **************
]]></system-out>
  </testcase>
  <testcase name="testdeleteUser" classname="api.test.UserTest" time="1.129">
    <system-out><![CDATA[2024-08-03 16:05:18 INFO  UserTest:92 - ************ User is Deleting **************
2024-08-03 16:05:19 INFO  UserTest:95 - ************ User is Deleted **************
]]></system-out>
  </testcase>
</testsuite>