<?xml version="1.0" encoding="UTF-8"?>
<!-- Generated by org.testng.reporters.JUnitXMLReporter -->
<testsuite ignored="0" hostname="DESKTOP-20MCM0J" failures="0" tests="4" name="PetTest" time="13.951" errors="0" timestamp="2024-08-03T16:05:19 IST">
  <testcase classname="api.test.UserTest" name="testPostUser" time="5.294"/>
  <testcase classname="api.test.UserTest" name="testUpdateUser" time="2.482"/>
  <testcase classname="api.test.UserTest" name="testGetUSerByName" time="2.224"/>
  <testcase classname="api.test.UserTest" name="testdeleteUser" time="1.144"/>
</testsuite> <!-- PetTest -->
