<?xml version="1.0" encoding="UTF-8"?>
<!-- Generated by org.testng.reporters.JUnitXMLReporter -->
<testsuite ignored="0" hostname="DESKTOP-20MCM0J" failures="0" tests="4" name="PetTest" time="14.847" errors="0" timestamp="2024-08-03T15:22:17 IST">
  <testcase classname="api.test.UserTest" name="testPostUser" time="6.28"/>
  <testcase classname="api.test.UserTest" name="testUpdateUser" time="2.634"/>
  <testcase classname="api.test.UserTest" name="testGetUSerByName" time="1.266"/>
  <testcase classname="api.test.UserTest" name="testdeleteUser" time="1.451"/>
</testsuite> <!-- PetTest -->
